<?xml version="1.0" encoding="UTF-8"?>
<testng-results skipped="0" failed="0" ignored="0" total="1" passed="1">
  <reporter-output>
  </reporter-output>
  <suite name="Default Suite" duration-ms="9030" started-at="2017-12-27T13:23:29Z" finished-at="2017-12-27T13:23:38Z">
    <groups>
    </groups>
    <test name="bootcamp" duration-ms="9030" started-at="2017-12-27T13:23:29Z" finished-at="2017-12-27T13:23:38Z">
      <class name="exercises.FirstSeleniumTest">
        <test-method status="PASS" signature="logInSuccesFull()[pri:0, instance:exercises.FirstSeleniumTest@5ba23b66]" name="logInSuccesFull" duration-ms="9008" started-at="2017-12-27T14:23:29Z" finished-at="2017-12-27T14:23:38Z">
          <reporter-output>
          </reporter-output>
        </test-method> <!-- logInSuccesFull -->
      </class> <!-- exercises.FirstSeleniumTest -->
    </test> <!-- bootcamp -->
  </suite> <!-- Default Suite -->
</testng-results>
